execve("../BIN/sv_simulator", ["../BIN/sv_simulator"], 0x7fff3eabf510 /* 15 vars */) = 0
brk(NULL)                               = 0x55f3d23b7000
mmap(NULL, 8192, PROT_READ|PROT_WRITE, MAP_PRIVATE|MAP_ANONYMOUS, -1, 0) = 0x7fae04e20000
access("/etc/ld.so.preload", R_OK)      = -1 ENOENT (No such file or directory)
openat(AT_FDCWD, "/etc/ld.so.cache", O_RDONLY|O_CLOEXEC) = 3
fstat(3, {st_mode=S_IFREG|0644, st_size=27119, ...}) = 0
mmap(NULL, 27119, PROT_READ, MAP_PRIVATE, 3, 0) = 0x7fae04e19000
close(3)                                = 0
openat(AT_FDCWD, "/lib/x86_64-linux-gnu/libcjson.so.1", O_RDONLY|O_CLOEXEC) = 3
read(3, "\177ELF\2\1\1\0\0\0\0\0\0\0\0\0\3\0>\0\1\0\0\0\0\0\0\0\0\0\0\0"..., 832) = 832
fstat(3, {st_mode=S_IFREG|0644, st_size=35000, ...}) = 0
mmap(NULL, 36960, PROT_READ, MAP_PRIVATE|MAP_DENYWRITE, 3, 0) = 0x7fae04e0f000
mmap(0x7fae04e11000, 16384, PROT_READ|PROT_EXEC, MAP_PRIVATE|MAP_FIXED|MAP_DENYWRITE, 3, 0x2000) = 0x7fae04e11000
mmap(0x7fae04e15000, 8192, PROT_READ, MAP_PRIVATE|MAP_FIXED|MAP_DENYWRITE, 3, 0x6000) = 0x7fae04e15000
mmap(0x7fae04e17000, 8192, PROT_READ|PROT_WRITE, MAP_PRIVATE|MAP_FIXED|MAP_DENYWRITE, 3, 0x7000) = 0x7fae04e17000
close(3)                                = 0
openat(AT_FDCWD, "/lib/x86_64-linux-gnu/libc.so.6", O_RDONLY|O_CLOEXEC) = 3
read(3, "\177ELF\2\1\1\3\0\0\0\0\0\0\0\0\3\0>\0\1\0\0\0\220\243\2\0\0\0\0\0"..., 832) = 832
pread64(3, "\6\0\0\0\4\0\0\0@\0\0\0\0\0\0\0@\0\0\0\0\0\0\0@\0\0\0\0\0\0\0"..., 784, 64) = 784
fstat(3, {st_mode=S_IFREG|0755, st_size=2125328, ...}) = 0
pread64(3, "\6\0\0\0\4\0\0\0@\0\0\0\0\0\0\0@\0\0\0\0\0\0\0@\0\0\0\0\0\0\0"..., 784, 64) = 784
mmap(NULL, 2170256, PROT_READ, MAP_PRIVATE|MAP_DENYWRITE, 3, 0) = 0x7fae04bfd000
mmap(0x7fae04c25000, 1605632, PROT_READ|PROT_EXEC, MAP_PRIVATE|MAP_FIXED|MAP_DENYWRITE, 3, 0x28000) = 0x7fae04c25000
mmap(0x7fae04dad000, 323584, PROT_READ, MAP_PRIVATE|MAP_FIXED|MAP_DENYWRITE, 3, 0x1b0000) = 0x7fae04dad000
mmap(0x7fae04dfc000, 24576, PROT_READ|PROT_WRITE, MAP_PRIVATE|MAP_FIXED|MAP_DENYWRITE, 3, 0x1fe000) = 0x7fae04dfc000
mmap(0x7fae04e02000, 52624, PROT_READ|PROT_WRITE, MAP_PRIVATE|MAP_FIXED|MAP_ANONYMOUS, -1, 0) = 0x7fae04e02000
close(3)                                = 0
mmap(NULL, 12288, PROT_READ|PROT_WRITE, MAP_PRIVATE|MAP_ANONYMOUS, -1, 0) = 0x7fae04bfa000
arch_prctl(ARCH_SET_FS, 0x7fae04bfa740) = 0
set_tid_address(0x7fae04bfaa10)         = 20620
set_robust_list(0x7fae04bfaa20, 24)     = 0
rseq(0x7fae04bfb060, 0x20, 0, 0x53053053) = 0
mprotect(0x7fae04dfc000, 16384, PROT_READ) = 0
mprotect(0x7fae04e17000, 4096, PROT_READ) = 0
mprotect(0x55f3d1a22000, 4096, PROT_READ) = 0
mprotect(0x7fae04e58000, 8192, PROT_READ) = 0
prlimit64(0, RLIMIT_STACK, NULL, {rlim_cur=8192*1024, rlim_max=RLIM64_INFINITY}) = 0
munmap(0x7fae04e19000, 27119)           = 0
rt_sigaction(SIGINT, {sa_handler=0x55f3d1a10de0, sa_mask=[INT], sa_flags=SA_RESTORER|SA_RESTART, sa_restorer=0x7fae04c42330}, {sa_handler=SIG_DFL, sa_mask=[], sa_flags=0}, 8) = 0
rt_sigaction(SIGRT_1, {sa_handler=0x7fae04c96530, sa_mask=[], sa_flags=SA_RESTORER|SA_ONSTACK|SA_RESTART|SA_SIGINFO, sa_restorer=0x7fae04c42330}, NULL, 8) = 0
rt_sigprocmask(SIG_UNBLOCK, [RTMIN RT_1], NULL, 8) = 0
mmap(NULL, 8392704, PROT_NONE, MAP_PRIVATE|MAP_ANONYMOUS|MAP_STACK, -1, 0) = 0x7fae043f9000
mprotect(0x7fae043fa000, 8388608, PROT_READ|PROT_WRITE) = 0
getrandom("\xde\x29\x1a\x89\xde\xe5\x42\x3c", 8, GRND_NONBLOCK) = 8
brk(NULL)                               = 0x55f3d23b7000
brk(0x55f3d23d8000)                     = 0x55f3d23d8000
rt_sigprocmask(SIG_BLOCK, ~[], [], 8)   = 0
clone3({flags=CLONE_VM|CLONE_FS|CLONE_FILES|CLONE_SIGHAND|CLONE_THREAD|CLONE_SYSVSEM|CLONE_SETTLS|CLONE_PARENT_SETTID|CLONE_CHILD_CLEARTID, child_tid=0x7fae04bf9990, parent_tid=0x7fae04bf9990, exit_signal=0, stack=0x7fae043f9000, stack_size=0x7fff80, tls=0x7fae04bf96c0} => {parent_tid=[20621]}, 88) = 20621
rt_sigprocmask(SIG_SETMASK, [], NULL, 8) = 0
rt_sigaction(SIGINT, {sa_handler=0x55f3d1a109a0, sa_mask=[], sa_flags=SA_RESTORER, sa_restorer=0x7fae04c42330}, NULL, 8) = 0
rt_sigaction(SIGTERM, {sa_handler=0x55f3d1a109a0, sa_mask=[], sa_flags=SA_RESTORER, sa_restorer=0x7fae04c42330}, NULL, 8) = 0
socket(AF_UNIX, SOCK_STREAM|SOCK_NONBLOCK, 0) = 3
connect(3, {sa_family=AF_UNIX, sun_path="/tmp/app.sv_simulator"}, 110) = -1 ENOENT (No such file or directory)
close(3)                                = 0
futex(0x55f3d1a231f8, FUTEX_WAKE_PRIVATE, 1) = 1
futex(0x7fae04bf9990, FUTEX_WAIT_BITSET|FUTEX_CLOCK_REALTIME, 20621, NULL, FUTEX_BITSET_MATCH_ANY) = ? ERESTARTSYS (To be restarted if SA_RESTART is set)
--- SIGINT {si_signo=SIGINT, si_code=SI_KERNEL} ---
rt_sigreturn({mask=[]})                 = -1 EINTR (Interrupted system call)
futex(0x7fae04bf9990, FUTEX_WAIT_BITSET|FUTEX_CLOCK_REALTIME, 20621, NULL, FUTEX_BITSET_MATCH_ANY) = ? ERESTARTSYS (To be restarted if SA_RESTART is set)
--- SIGINT {si_signo=SIGINT, si_code=SI_KERNEL} ---
rt_sigreturn({mask=[]})                 = -1 EINTR (Interrupted system call)
futex(0x7fae04bf9990, FUTEX_WAIT_BITSET|FUTEX_CLOCK_REALTIME, 20621, NULL, FUTEX_BITSET_MATCH_ANY) = ? ERESTARTSYS (To be restarted if SA_RESTART is set)
--- SIGINT {si_signo=SIGINT, si_code=SI_KERNEL} ---
rt_sigreturn({mask=[]})                 = -1 EINTR (Interrupted system call)
futex(0x7fae04bf9990, FUTEX_WAIT_BITSET|FUTEX_CLOCK_REALTIME, 20621, NULL, FUTEX_BITSET_MATCH_ANY) = ? ERESTARTSYS (To be restarted if SA_RESTART is set)
--- SIGINT {si_signo=SIGINT, si_code=SI_KERNEL} ---
rt_sigreturn({mask=[]})                 = -1 EINTR (Interrupted system call)
futex(0x7fae04bf9990, FUTEX_WAIT_BITSET|FUTEX_CLOCK_REALTIME, 20621, NULL, FUTEX_BITSET_MATCH_ANY) = ? ERESTARTSYS (To be restarted if SA_RESTART is set)
--- SIGINT {si_signo=SIGINT, si_code=SI_KERNEL} ---
rt_sigreturn({mask=[]})                 = -1 EINTR (Interrupted system call)
futex(0x7fae04bf9990, FUTEX_WAIT_BITSET|FUTEX_CLOCK_REALTIME, 20621, NULL, FUTEX_BITSET_MATCH_ANY) = ? ERESTARTSYS (To be restarted if SA_RESTART is set)
--- SIGINT {si_signo=SIGINT, si_code=SI_KERNEL} ---
rt_sigreturn({mask=[]})                 = -1 EINTR (Interrupted system call)
futex(0x7fae04bf9990, FUTEX_WAIT_BITSET|FUTEX_CLOCK_REALTIME, 20621, NULL, FUTEX_BITSET_MATCH_ANY) = ? ERESTARTSYS (To be restarted if SA_RESTART is set)
--- SIGINT {si_signo=SIGINT, si_code=SI_KERNEL} ---
rt_sigreturn({mask=[]})                 = -1 EINTR (Interrupted system call)
futex(0x7fae04bf9990, FUTEX_WAIT_BITSET|FUTEX_CLOCK_REALTIME, 20621, NULL, FUTEX_BITSET_MATCH_ANY) = ? ERESTARTSYS (To be restarted if SA_RESTART is set)
--- SIGINT {si_signo=SIGINT, si_code=SI_KERNEL} ---
rt_sigreturn({mask=[]})                 = -1 EINTR (Interrupted system call)
futex(0x7fae04bf9990, FUTEX_WAIT_BITSET|FUTEX_CLOCK_REALTIME, 20621, NULL, FUTEX_BITSET_MATCH_ANY